/Users/yasser/Library/Python/3.9/lib/python/site-packages/urllib3/__init__.py:35: NotOpenSSLWarning: urllib3 v2 only supports OpenSSL 1.1.1+, currently the 'ssl' module is compiled with 'LibreSSL 2.8.3'. See: https://github.com/urllib3/urllib3/issues/3020
  warnings.warn(
[2026-06-22T15:03:34+00:00] vault_client: pushed signal {'signals': 1} synced={'signals': 1, 'positions': 0, 'handoff': 0, 'trades': 0, 'cash': 0, 'decisions': 0, 'documents': 0, 'thesis': 0, 'valueSnapshots': 0}
/Users/yasser/Library/Python/3.9/lib/python/site-packages/urllib3/__init__.py:35: NotOpenSSLWarning: urllib3 v2 only supports OpenSSL 1.1.1+, currently the 'ssl' module is compiled with 'LibreSSL 2.8.3'. See: https://github.com/urllib3/urllib3/issues/3020
  warnings.warn(
[2026-06-22T15:10:09+00:00] vault_client: pushed signal {'signals': 1} synced={'signals': 1, 'positions': 0, 'handoff': 0, 'trades': 0, 'cash': 0, 'decisions': 0, 'documents': 0, 'thesis': 0, 'valueSnapshots': 0}
[2026-06-22T15:10:10+00:00] vault_client: pushed handoff {'handoff': 1} synced={'signals': 0, 'positions': 0, 'handoff': 1, 'trades': 0, 'cash': 0, 'decisions': 0, 'documents': 0, 'thesis': 0, 'valueSnapshots': 0}
/Users/yasser/Library/Python/3.9/lib/python/site-packages/urllib3/__init__.py:35: NotOpenSSLWarning: urllib3 v2 only supports OpenSSL 1.1.1+, currently the 'ssl' module is compiled with 'LibreSSL 2.8.3'. See: https://github.com/urllib3/urllib3/issues/3020
  warnings.warn(
[2026-06-22T15:22:34+00:00] vault_client: pushed signal {'signals': 1} synced={'signals': 1, 'positions': 0, 'handoff': 0, 'trades': 0, 'cash': 0, 'decisions': 0, 'documents': 0, 'thesis': 0, 'valueSnapshots': 0}
[2026-06-22T15:22:34+00:00] vault_client: pushed handoff {'handoff': 1} synced={'signals': 0, 'positions': 0, 'handoff': 1, 'trades': 0, 'cash': 0, 'decisions': 0, 'documents': 0, 'thesis': 0, 'valueSnapshots': 0}
/Users/yasser/Library/Python/3.9/lib/python/site-packages/urllib3/__init__.py:35: NotOpenSSLWarning: urllib3 v2 only supports OpenSSL 1.1.1+, currently the 'ssl' module is compiled with 'LibreSSL 2.8.3'. See: https://github.com/urllib3/urllib3/issues/3020
  warnings.warn(
[2026-06-22T15:33:22+00:00] vault_client: pushed signal {'signals': 1} synced={'signals': 1, 'positions': 0, 'handoff': 0, 'trades': 0, 'cash': 0, 'decisions': 0, 'documents': 0, 'thesis': 0, 'valueSnapshots': 0}
[2026-06-22T15:33:22+00:00] vault_client: pushed handoff {'handoff': 1} synced={'signals': 0, 'positions': 0, 'handoff': 1, 'trades': 0, 'cash': 0, 'decisions': 0, 'documents': 0, 'thesis': 0, 'valueSnapshots': 0}
/Users/yasser/Library/Python/3.9/lib/python/site-packages/urllib3/__init__.py:35: NotOpenSSLWarning: urllib3 v2 only supports OpenSSL 1.1.1+, currently the 'ssl' module is compiled with 'LibreSSL 2.8.3'. See: https://github.com/urllib3/urllib3/issues/3020
  warnings.warn(
[2026-06-22T15:39:58+00:00] vault_client: pushed signal {'signals': 1} synced={'signals': 1, 'positions': 0, 'handoff': 0, 'trades': 0, 'cash': 0, 'decisions': 0, 'documents': 0, 'thesis': 0, 'valueSnapshots': 0}
[2026-06-22T15:39:58+00:00] vault_client: pushed handoff {'handoff': 1} synced={'signals': 0, 'positions': 0, 'handoff': 1, 'trades': 0, 'cash': 0, 'decisions': 0, 'documents': 0, 'thesis': 0, 'valueSnapshots': 0}
/Users/yasser/Library/Python/3.9/lib/python/site-packages/urllib3/__init__.py:35: NotOpenSSLWarning: urllib3 v2 only supports OpenSSL 1.1.1+, currently the 'ssl' module is compiled with 'LibreSSL 2.8.3'. See: https://github.com/urllib3/urllib3/issues/3020
  warnings.warn(
[2026-06-22T15:53:03+00:00] vault_client: pushed signal {'signals': 1} synced={'signals': 1, 'positions': 0, 'handoff': 0, 'trades': 0, 'cash': 0, 'decisions': 0, 'documents': 0, 'thesis': 0, 'valueSnapshots': 0}
[2026-06-22T15:53:04+00:00] vault_client: pushed handoff {'handoff': 1} synced={'signals': 0, 'positions': 0, 'handoff': 1, 'trades': 0, 'cash': 0, 'decisions': 0, 'documents': 0, 'thesis': 0, 'valueSnapshots': 0}
/Users/yasser/Library/Python/3.9/lib/python/site-packages/urllib3/__init__.py:35: NotOpenSSLWarning: urllib3 v2 only supports OpenSSL 1.1.1+, currently the 'ssl' module is compiled with 'LibreSSL 2.8.3'. See: https://github.com/urllib3/urllib3/issues/3020
  warnings.warn(
[2026-06-22T16:03:12+00:00] vault_client: pushed signal {'signals': 1} synced={'signals': 1, 'positions': 0, 'handoff': 0, 'trades': 0, 'cash': 0, 'decisions': 0, 'documents': 0, 'thesis': 0, 'valueSnapshots': 0}
[2026-06-22T16:03:12+00:00] vault_client: pushed handoff {'handoff': 1} synced={'signals': 0, 'positions': 0, 'handoff': 1, 'trades': 0, 'cash': 0, 'decisions': 0, 'documents': 0, 'thesis': 0, 'valueSnapshots': 0}
/Users/yasser/Library/Python/3.9/lib/python/site-packages/urllib3/__init__.py:35: NotOpenSSLWarning: urllib3 v2 only supports OpenSSL 1.1.1+, currently the 'ssl' module is compiled with 'LibreSSL 2.8.3'. See: https://github.com/urllib3/urllib3/issues/3020
  warnings.warn(
[2026-06-22T16:12:52+00:00] vault_client: pushed signal {'signals': 1} synced={'signals': 1, 'positions': 0, 'handoff': 0, 'trades': 0, 'cash': 0, 'decisions': 0, 'documents': 0, 'thesis': 0, 'valueSnapshots': 0}
[2026-06-22T16:12:53+00:00] vault_client: pushed handoff {'handoff': 1} synced={'signals': 0, 'positions': 0, 'handoff': 1, 'trades': 0, 'cash': 0, 'decisions': 0, 'documents': 0, 'thesis': 0, 'valueSnapshots': 0}
/Users/yasser/Library/Python/3.9/lib/python/site-packages/urllib3/__init__.py:35: NotOpenSSLWarning: urllib3 v2 only supports OpenSSL 1.1.1+, currently the 'ssl' module is compiled with 'LibreSSL 2.8.3'. See: https://github.com/urllib3/urllib3/issues/3020
  warnings.warn(
[2026-06-22T16:22:29+00:00] vault_client: pushed signal {'signals': 1} synced={'signals': 1, 'positions': 0, 'handoff': 0, 'trades': 0, 'cash': 0, 'decisions': 0, 'documents': 0, 'thesis': 0, 'valueSnapshots': 0}
[2026-06-22T16:22:29+00:00] vault_client: pushed handoff {'handoff': 1} synced={'signals': 0, 'positions': 0, 'handoff': 1, 'trades': 0, 'cash': 0, 'decisions': 0, 'documents': 0, 'thesis': 0, 'valueSnapshots': 0}
/Users/yasser/Library/Python/3.9/lib/python/site-packages/urllib3/__init__.py:35: NotOpenSSLWarning: urllib3 v2 only supports OpenSSL 1.1.1+, currently the 'ssl' module is compiled with 'LibreSSL 2.8.3'. See: https://github.com/urllib3/urllib3/issues/3020
  warnings.warn(
[2026-06-22T16:32:48+00:00] vault_client: pushed signal {'signals': 1} synced={'signals': 1, 'positions': 0, 'handoff': 0, 'trades': 0, 'cash': 0, 'decisions': 0, 'documents': 0, 'thesis': 0, 'valueSnapshots': 0}
[2026-06-22T16:32:48+00:00] vault_client: pushed handoff {'handoff': 1} synced={'signals': 0, 'positions': 0, 'handoff': 1, 'trades': 0, 'cash': 0, 'decisions': 0, 'documents': 0, 'thesis': 0, 'valueSnapshots': 0}
/Users/yasser/Library/Python/3.9/lib/python/site-packages/urllib3/__init__.py:35: NotOpenSSLWarning: urllib3 v2 only supports OpenSSL 1.1.1+, currently the 'ssl' module is compiled with 'LibreSSL 2.8.3'. See: https://github.com/urllib3/urllib3/issues/3020
  warnings.warn(
[2026-06-22T16:42:46+00:00] vault_client: pushed signal {'signals': 1} synced={'signals': 1, 'positions': 0, 'handoff': 0, 'trades': 0, 'cash': 0, 'decisions': 0, 'documents': 0, 'thesis': 0, 'valueSnapshots': 0}
[2026-06-22T16:42:47+00:00] vault_client: pushed handoff {'handoff': 1} synced={'signals': 0, 'positions': 0, 'handoff': 1, 'trades': 0, 'cash': 0, 'decisions': 0, 'documents': 0, 'thesis': 0, 'valueSnapshots': 0}
/Users/yasser/Library/Python/3.9/lib/python/site-packages/urllib3/__init__.py:35: NotOpenSSLWarning: urllib3 v2 only supports OpenSSL 1.1.1+, currently the 'ssl' module is compiled with 'LibreSSL 2.8.3'. See: https://github.com/urllib3/urllib3/issues/3020
  warnings.warn(
[2026-06-22T16:52:59+00:00] vault_client: pushed signal {'signals': 1} synced={'signals': 1, 'positions': 0, 'handoff': 0, 'trades': 0, 'cash': 0, 'decisions': 0, 'documents': 0, 'thesis': 0, 'valueSnapshots': 0}
[2026-06-22T16:53:00+00:00] vault_client: pushed handoff {'handoff': 1} synced={'signals': 0, 'positions': 0, 'handoff': 1, 'trades': 0, 'cash': 0, 'decisions': 0, 'documents': 0, 'thesis': 0, 'valueSnapshots': 0}
/Users/yasser/Library/Python/3.9/lib/python/site-packages/urllib3/__init__.py:35: NotOpenSSLWarning: urllib3 v2 only supports OpenSSL 1.1.1+, currently the 'ssl' module is compiled with 'LibreSSL 2.8.3'. See: https://github.com/urllib3/urllib3/issues/3020
  warnings.warn(
[2026-06-22T17:02:59+00:00] vault_client: pushed signal {'signals': 1} synced={'signals': 1, 'positions': 0, 'handoff': 0, 'trades': 0, 'cash': 0, 'decisions': 0, 'documents': 0, 'thesis': 0, 'valueSnapshots': 0}
[2026-06-22T17:03:00+00:00] vault_client: pushed handoff {'handoff': 1} synced={'signals': 0, 'positions': 0, 'handoff': 1, 'trades': 0, 'cash': 0, 'decisions': 0, 'documents': 0, 'thesis': 0, 'valueSnapshots': 0}
/Users/yasser/Library/Python/3.9/lib/python/site-packages/urllib3/__init__.py:35: NotOpenSSLWarning: urllib3 v2 only supports OpenSSL 1.1.1+, currently the 'ssl' module is compiled with 'LibreSSL 2.8.3'. See: https://github.com/urllib3/urllib3/issues/3020
  warnings.warn(
[2026-06-22T17:12:41+00:00] vault_client: pushed signal {'signals': 1} synced={'signals': 1, 'positions': 0, 'handoff': 0, 'trades': 0, 'cash': 0, 'decisions': 0, 'documents': 0, 'thesis': 0, 'valueSnapshots': 0}
[2026-06-22T17:12:41+00:00] vault_client: pushed handoff {'handoff': 1} synced={'signals': 0, 'positions': 0, 'handoff': 1, 'trades': 0, 'cash': 0, 'decisions': 0, 'documents': 0, 'thesis': 0, 'valueSnapshots': 0}
/Users/yasser/Library/Python/3.9/lib/python/site-packages/urllib3/__init__.py:35: NotOpenSSLWarning: urllib3 v2 only supports OpenSSL 1.1.1+, currently the 'ssl' module is compiled with 'LibreSSL 2.8.3'. See: https://github.com/urllib3/urllib3/issues/3020
  warnings.warn(
[2026-06-22T17:22:33+00:00] vault_client: pushed signal {'signals': 1} synced={'signals': 1, 'positions': 0, 'handoff': 0, 'trades': 0, 'cash': 0, 'decisions': 0, 'documents': 0, 'thesis': 0, 'valueSnapshots': 0}
[2026-06-22T17:22:34+00:00] vault_client: pushed handoff {'handoff': 1} synced={'signals': 0, 'positions': 0, 'handoff': 1, 'trades': 0, 'cash': 0, 'decisions': 0, 'documents': 0, 'thesis': 0, 'valueSnapshots': 0}
/Users/yasser/Library/Python/3.9/lib/python/site-packages/urllib3/__init__.py:35: NotOpenSSLWarning: urllib3 v2 only supports OpenSSL 1.1.1+, currently the 'ssl' module is compiled with 'LibreSSL 2.8.3'. See: https://github.com/urllib3/urllib3/issues/3020
  warnings.warn(
[2026-06-22T17:32:57+00:00] vault_client: pushed signal {'signals': 1} synced={'signals': 1, 'positions': 0, 'handoff': 0, 'trades': 0, 'cash': 0, 'decisions': 0, 'documents': 0, 'thesis': 0, 'valueSnapshots': 0}
[2026-06-22T17:32:58+00:00] vault_client: pushed handoff {'handoff': 1} synced={'signals': 0, 'positions': 0, 'handoff': 1, 'trades': 0, 'cash': 0, 'decisions': 0, 'documents': 0, 'thesis': 0, 'valueSnapshots': 0}
/Users/yasser/Library/Python/3.9/lib/python/site-packages/urllib3/__init__.py:35: NotOpenSSLWarning: urllib3 v2 only supports OpenSSL 1.1.1+, currently the 'ssl' module is compiled with 'LibreSSL 2.8.3'. See: https://github.com/urllib3/urllib3/issues/3020
  warnings.warn(
[2026-06-22T17:42:36+00:00] vault_client: pushed signal {'signals': 1} synced={'signals': 1, 'positions': 0, 'handoff': 0, 'trades': 0, 'cash': 0, 'decisions': 0, 'documents': 0, 'thesis': 0, 'valueSnapshots': 0}
[2026-06-22T17:42:36+00:00] vault_client: pushed handoff {'handoff': 1} synced={'signals': 0, 'positions': 0, 'handoff': 1, 'trades': 0, 'cash': 0, 'decisions': 0, 'documents': 0, 'thesis': 0, 'valueSnapshots': 0}
/Users/yasser/Library/Python/3.9/lib/python/site-packages/urllib3/__init__.py:35: NotOpenSSLWarning: urllib3 v2 only supports OpenSSL 1.1.1+, currently the 'ssl' module is compiled with 'LibreSSL 2.8.3'. See: https://github.com/urllib3/urllib3/issues/3020
  warnings.warn(
/Users/yasser/Library/Python/3.9/lib/python/site-packages/urllib3/__init__.py:35: NotOpenSSLWarning: urllib3 v2 only supports OpenSSL 1.1.1+, currently the 'ssl' module is compiled with 'LibreSSL 2.8.3'. See: https://github.com/urllib3/urllib3/issues/3020
  warnings.warn(
[2026-06-22T18:03:34+00:00] vault_client: pushed signal {'signals': 1} synced={'signals': 1, 'positions': 0, 'handoff': 0, 'trades': 0, 'cash': 0, 'decisions': 0, 'documents': 0, 'thesis': 0, 'valueSnapshots': 0}
[2026-06-22T18:03:34+00:00] vault_client: pushed handoff {'handoff': 1} synced={'signals': 0, 'positions': 0, 'handoff': 1, 'trades': 0, 'cash': 0, 'decisions': 0, 'documents': 0, 'thesis': 0, 'valueSnapshots': 0}
/Users/yasser/Library/Python/3.9/lib/python/site-packages/urllib3/__init__.py:35: NotOpenSSLWarning: urllib3 v2 only supports OpenSSL 1.1.1+, currently the 'ssl' module is compiled with 'LibreSSL 2.8.3'. See: https://github.com/urllib3/urllib3/issues/3020
  warnings.warn(
[2026-06-22T18:12:56+00:00] vault_client: pushed signal {'signals': 1} synced={'signals': 1, 'positions': 0, 'handoff': 0, 'trades': 0, 'cash': 0, 'decisions': 0, 'documents': 0, 'thesis': 0, 'valueSnapshots': 0}
[2026-06-22T18:12:56+00:00] vault_client: pushed handoff {'handoff': 1} synced={'signals': 0, 'positions': 0, 'handoff': 1, 'trades': 0, 'cash': 0, 'decisions': 0, 'documents': 0, 'thesis': 0, 'valueSnapshots': 0}
/Users/yasser/Library/Python/3.9/lib/python/site-packages/urllib3/__init__.py:35: NotOpenSSLWarning: urllib3 v2 only supports OpenSSL 1.1.1+, currently the 'ssl' module is compiled with 'LibreSSL 2.8.3'. See: https://github.com/urllib3/urllib3/issues/3020
  warnings.warn(
[2026-06-22T18:23:04+00:00] vault_client: pushed signal {'signals': 1} synced={'signals': 1, 'positions': 0, 'handoff': 0, 'trades': 0, 'cash': 0, 'decisions': 0, 'documents': 0, 'thesis': 0, 'valueSnapshots': 0}
[2026-06-22T18:23:06+00:00] vault_client: pushed handoff {'handoff': 1} synced={'signals': 0, 'positions': 0, 'handoff': 1, 'trades': 0, 'cash': 0, 'decisions': 0, 'documents': 0, 'thesis': 0, 'valueSnapshots': 0}
/Users/yasser/Library/Python/3.9/lib/python/site-packages/urllib3/__init__.py:35: NotOpenSSLWarning: urllib3 v2 only supports OpenSSL 1.1.1+, currently the 'ssl' module is compiled with 'LibreSSL 2.8.3'. See: https://github.com/urllib3/urllib3/issues/3020
  warnings.warn(
[2026-06-22T18:33:22+00:00] vault_client: pushed handoff {'handoff': 1} synced={'signals': 0, 'positions': 0, 'handoff': 1, 'trades': 0, 'cash': 0, 'decisions': 0, 'documents': 0, 'thesis': 0, 'valueSnapshots': 0}
/Users/yasser/Library/Python/3.9/lib/python/site-packages/urllib3/__init__.py:35: NotOpenSSLWarning: urllib3 v2 only supports OpenSSL 1.1.1+, currently the 'ssl' module is compiled with 'LibreSSL 2.8.3'. See: https://github.com/urllib3/urllib3/issues/3020
  warnings.warn(
[2026-06-22T18:42:49+00:00] vault_client: pushed handoff {'handoff': 1} synced={'signals': 0, 'positions': 0, 'handoff': 1, 'trades': 0, 'cash': 0, 'decisions': 0, 'documents': 0, 'thesis': 0, 'valueSnapshots': 0}
/Users/yasser/Library/Python/3.9/lib/python/site-packages/urllib3/__init__.py:35: NotOpenSSLWarning: urllib3 v2 only supports OpenSSL 1.1.1+, currently the 'ssl' module is compiled with 'LibreSSL 2.8.3'. See: https://github.com/urllib3/urllib3/issues/3020
  warnings.warn(
[2026-06-22T18:53:17+00:00] vault_client: pushed signal {'signals': 1} synced={'signals': 1, 'positions': 0, 'handoff': 0, 'trades': 0, 'cash': 0, 'decisions': 0, 'documents': 0, 'thesis': 0, 'valueSnapshots': 0}
[2026-06-22T18:53:18+00:00] vault_client: pushed handoff {'handoff': 1} synced={'signals': 0, 'positions': 0, 'handoff': 1, 'trades': 0, 'cash': 0, 'decisions': 0, 'documents': 0, 'thesis': 0, 'valueSnapshots': 0}
/Users/yasser/Library/Python/3.9/lib/python/site-packages/urllib3/__init__.py:35: NotOpenSSLWarning: urllib3 v2 only supports OpenSSL 1.1.1+, currently the 'ssl' module is compiled with 'LibreSSL 2.8.3'. See: https://github.com/urllib3/urllib3/issues/3020
  warnings.warn(
[2026-06-22T19:02:57+00:00] vault_client: pushed signal {'signals': 1} synced={'signals': 1, 'positions': 0, 'handoff': 0, 'trades': 0, 'cash': 0, 'decisions': 0, 'documents': 0, 'thesis': 0, 'valueSnapshots': 0}
[2026-06-22T19:02:57+00:00] vault_client: pushed handoff {'handoff': 1} synced={'signals': 0, 'positions': 0, 'handoff': 1, 'trades': 0, 'cash': 0, 'decisions': 0, 'documents': 0, 'thesis': 0, 'valueSnapshots': 0}
/Users/yasser/Library/Python/3.9/lib/python/site-packages/urllib3/__init__.py:35: NotOpenSSLWarning: urllib3 v2 only supports OpenSSL 1.1.1+, currently the 'ssl' module is compiled with 'LibreSSL 2.8.3'. See: https://github.com/urllib3/urllib3/issues/3020
  warnings.warn(
[2026-06-22T19:13:07+00:00] vault_client: pushed signal {'signals': 1} synced={'signals': 1, 'positions': 0, 'handoff': 0, 'trades': 0, 'cash': 0, 'decisions': 0, 'documents': 0, 'thesis': 0, 'valueSnapshots': 0}
[2026-06-22T19:13:08+00:00] vault_client: pushed handoff {'handoff': 1} synced={'signals': 0, 'positions': 0, 'handoff': 1, 'trades': 0, 'cash': 0, 'decisions': 0, 'documents': 0, 'thesis': 0, 'valueSnapshots': 0}
/Users/yasser/Library/Python/3.9/lib/python/site-packages/urllib3/__init__.py:35: NotOpenSSLWarning: urllib3 v2 only supports OpenSSL 1.1.1+, currently the 'ssl' module is compiled with 'LibreSSL 2.8.3'. See: https://github.com/urllib3/urllib3/issues/3020
  warnings.warn(
[2026-06-22T19:23:51+00:00] vault_client: pushed signal {'signals': 1} synced={'signals': 1, 'positions': 0, 'handoff': 0, 'trades': 0, 'cash': 0, 'decisions': 0, 'documents': 0, 'thesis': 0, 'valueSnapshots': 0}
[2026-06-22T19:23:51+00:00] vault_client: pushed handoff {'handoff': 1} synced={'signals': 0, 'positions': 0, 'handoff': 1, 'trades': 0, 'cash': 0, 'decisions': 0, 'documents': 0, 'thesis': 0, 'valueSnapshots': 0}
/Users/yasser/Library/Python/3.9/lib/python/site-packages/urllib3/__init__.py:35: NotOpenSSLWarning: urllib3 v2 only supports OpenSSL 1.1.1+, currently the 'ssl' module is compiled with 'LibreSSL 2.8.3'. See: https://github.com/urllib3/urllib3/issues/3020
  warnings.warn(
[2026-06-22T19:33:20+00:00] vault_client: pushed handoff {'handoff': 1} synced={'signals': 0, 'positions': 0, 'handoff': 1, 'trades': 0, 'cash': 0, 'decisions': 0, 'documents': 0, 'thesis': 0, 'valueSnapshots': 0}
/Users/yasser/Library/Python/3.9/lib/python/site-packages/urllib3/__init__.py:35: NotOpenSSLWarning: urllib3 v2 only supports OpenSSL 1.1.1+, currently the 'ssl' module is compiled with 'LibreSSL 2.8.3'. See: https://github.com/urllib3/urllib3/issues/3020
  warnings.warn(
[2026-06-22T19:44:09+00:00] vault_client: pushed signal {'signals': 1} synced={'signals': 1, 'positions': 0, 'handoff': 0, 'trades': 0, 'cash': 0, 'decisions': 0, 'documents': 0, 'thesis': 0, 'valueSnapshots': 0}
[2026-06-22T19:44:09+00:00] vault_client: pushed handoff {'handoff': 1} synced={'signals': 0, 'positions': 0, 'handoff': 1, 'trades': 0, 'cash': 0, 'decisions': 0, 'documents': 0, 'thesis': 0, 'valueSnapshots': 0}
/Users/yasser/Library/Python/3.9/lib/python/site-packages/urllib3/__init__.py:35: NotOpenSSLWarning: urllib3 v2 only supports OpenSSL 1.1.1+, currently the 'ssl' module is compiled with 'LibreSSL 2.8.3'. See: https://github.com/urllib3/urllib3/issues/3020
  warnings.warn(
/Users/yasser/Library/Python/3.9/lib/python/site-packages/urllib3/__init__.py:35: NotOpenSSLWarning: urllib3 v2 only supports OpenSSL 1.1.1+, currently the 'ssl' module is compiled with 'LibreSSL 2.8.3'. See: https://github.com/urllib3/urllib3/issues/3020
  warnings.warn(
/Users/yasser/Library/Python/3.9/lib/python/site-packages/urllib3/__init__.py:35: NotOpenSSLWarning: urllib3 v2 only supports OpenSSL 1.1.1+, currently the 'ssl' module is compiled with 'LibreSSL 2.8.3'. See: https://github.com/urllib3/urllib3/issues/3020
  warnings.warn(
/Users/yasser/Library/Python/3.9/lib/python/site-packages/urllib3/__init__.py:35: NotOpenSSLWarning: urllib3 v2 only supports OpenSSL 1.1.1+, currently the 'ssl' module is compiled with 'LibreSSL 2.8.3'. See: https://github.com/urllib3/urllib3/issues/3020
  warnings.warn(
/Users/yasser/Library/Python/3.9/lib/python/site-packages/urllib3/__init__.py:35: NotOpenSSLWarning: urllib3 v2 only supports OpenSSL 1.1.1+, currently the 'ssl' module is compiled with 'LibreSSL 2.8.3'. See: https://github.com/urllib3/urllib3/issues/3020
  warnings.warn(
/Users/yasser/Library/Python/3.9/lib/python/site-packages/urllib3/__init__.py:35: NotOpenSSLWarning: urllib3 v2 only supports OpenSSL 1.1.1+, currently the 'ssl' module is compiled with 'LibreSSL 2.8.3'. See: https://github.com/urllib3/urllib3/issues/3020
  warnings.warn(
/Users/yasser/Library/Python/3.9/lib/python/site-packages/urllib3/__init__.py:35: NotOpenSSLWarning: urllib3 v2 only supports OpenSSL 1.1.1+, currently the 'ssl' module is compiled with 'LibreSSL 2.8.3'. See: https://github.com/urllib3/urllib3/issues/3020
  warnings.warn(
/Users/yasser/Library/Python/3.9/lib/python/site-packages/urllib3/__init__.py:35: NotOpenSSLWarning: urllib3 v2 only supports OpenSSL 1.1.1+, currently the 'ssl' module is compiled with 'LibreSSL 2.8.3'. See: https://github.com/urllib3/urllib3/issues/3020
  warnings.warn(
/Users/yasser/Library/Python/3.9/lib/python/site-packages/urllib3/__init__.py:35: NotOpenSSLWarning: urllib3 v2 only supports OpenSSL 1.1.1+, currently the 'ssl' module is compiled with 'LibreSSL 2.8.3'. See: https://github.com/urllib3/urllib3/issues/3020
  warnings.warn(
/Users/yasser/Library/Python/3.9/lib/python/site-packages/urllib3/__init__.py:35: NotOpenSSLWarning: urllib3 v2 only supports OpenSSL 1.1.1+, currently the 'ssl' module is compiled with 'LibreSSL 2.8.3'. See: https://github.com/urllib3/urllib3/issues/3020
  warnings.warn(
/Users/yasser/Library/Python/3.9/lib/python/site-packages/urllib3/__init__.py:35: NotOpenSSLWarning: urllib3 v2 only supports OpenSSL 1.1.1+, currently the 'ssl' module is compiled with 'LibreSSL 2.8.3'. See: https://github.com/urllib3/urllib3/issues/3020
  warnings.warn(
/Users/yasser/Library/Python/3.9/lib/python/site-packages/urllib3/__init__.py:35: NotOpenSSLWarning: urllib3 v2 only supports OpenSSL 1.1.1+, currently the 'ssl' module is compiled with 'LibreSSL 2.8.3'. See: https://github.com/urllib3/urllib3/issues/3020
  warnings.warn(
/Users/yasser/Library/Python/3.9/lib/python/site-packages/urllib3/__init__.py:35: NotOpenSSLWarning: urllib3 v2 only supports OpenSSL 1.1.1+, currently the 'ssl' module is compiled with 'LibreSSL 2.8.3'. See: https://github.com/urllib3/urllib3/issues/3020
  warnings.warn(
/Users/yasser/Library/Python/3.9/lib/python/site-packages/urllib3/__init__.py:35: NotOpenSSLWarning: urllib3 v2 only supports OpenSSL 1.1.1+, currently the 'ssl' module is compiled with 'LibreSSL 2.8.3'. See: https://github.com/urllib3/urllib3/issues/3020
  warnings.warn(
/Users/yasser/Library/Python/3.9/lib/python/site-packages/urllib3/__init__.py:35: NotOpenSSLWarning: urllib3 v2 only supports OpenSSL 1.1.1+, currently the 'ssl' module is compiled with 'LibreSSL 2.8.3'. See: https://github.com/urllib3/urllib3/issues/3020
  warnings.warn(
/Users/yasser/Library/Python/3.9/lib/python/site-packages/urllib3/__init__.py:35: NotOpenSSLWarning: urllib3 v2 only supports OpenSSL 1.1.1+, currently the 'ssl' module is compiled with 'LibreSSL 2.8.3'. See: https://github.com/urllib3/urllib3/issues/3020
  warnings.warn(
/Users/yasser/Library/Python/3.9/lib/python/site-packages/urllib3/__init__.py:35: NotOpenSSLWarning: urllib3 v2 only supports OpenSSL 1.1.1+, currently the 'ssl' module is compiled with 'LibreSSL 2.8.3'. See: https://github.com/urllib3/urllib3/issues/3020
  warnings.warn(
/Users/yasser/Library/Python/3.9/lib/python/site-packages/urllib3/__init__.py:35: NotOpenSSLWarning: urllib3 v2 only supports OpenSSL 1.1.1+, currently the 'ssl' module is compiled with 'LibreSSL 2.8.3'. See: https://github.com/urllib3/urllib3/issues/3020
  warnings.warn(
/Users/yasser/Library/Python/3.9/lib/python/site-packages/urllib3/__init__.py:35: NotOpenSSLWarning: urllib3 v2 only supports OpenSSL 1.1.1+, currently the 'ssl' module is compiled with 'LibreSSL 2.8.3'. See: https://github.com/urllib3/urllib3/issues/3020
  warnings.warn(
/Users/yasser/Library/Python/3.9/lib/python/site-packages/urllib3/__init__.py:35: NotOpenSSLWarning: urllib3 v2 only supports OpenSSL 1.1.1+, currently the 'ssl' module is compiled with 'LibreSSL 2.8.3'. See: https://github.com/urllib3/urllib3/issues/3020
  warnings.warn(
/Users/yasser/Library/Python/3.9/lib/python/site-packages/urllib3/__init__.py:35: NotOpenSSLWarning: urllib3 v2 only supports OpenSSL 1.1.1+, currently the 'ssl' module is compiled with 'LibreSSL 2.8.3'. See: https://github.com/urllib3/urllib3/issues/3020
  warnings.warn(
/Users/yasser/Library/Python/3.9/lib/python/site-packages/urllib3/__init__.py:35: NotOpenSSLWarning: urllib3 v2 only supports OpenSSL 1.1.1+, currently the 'ssl' module is compiled with 'LibreSSL 2.8.3'. See: https://github.com/urllib3/urllib3/issues/3020
  warnings.warn(
/Users/yasser/Library/Python/3.9/lib/python/site-packages/urllib3/__init__.py:35: NotOpenSSLWarning: urllib3 v2 only supports OpenSSL 1.1.1+, currently the 'ssl' module is compiled with 'LibreSSL 2.8.3'. See: https://github.com/urllib3/urllib3/issues/3020
  warnings.warn(
/Users/yasser/Library/Python/3.9/lib/python/site-packages/urllib3/__init__.py:35: NotOpenSSLWarning: urllib3 v2 only supports OpenSSL 1.1.1+, currently the 'ssl' module is compiled with 'LibreSSL 2.8.3'. See: https://github.com/urllib3/urllib3/issues/3020
  warnings.warn(
/Users/yasser/Library/Python/3.9/lib/python/site-packages/urllib3/__init__.py:35: NotOpenSSLWarning: urllib3 v2 only supports OpenSSL 1.1.1+, currently the 'ssl' module is compiled with 'LibreSSL 2.8.3'. See: https://github.com/urllib3/urllib3/issues/3020
  warnings.warn(
/Users/yasser/Library/Python/3.9/lib/python/site-packages/urllib3/__init__.py:35: NotOpenSSLWarning: urllib3 v2 only supports OpenSSL 1.1.1+, currently the 'ssl' module is compiled with 'LibreSSL 2.8.3'. See: https://github.com/urllib3/urllib3/issues/3020
  warnings.warn(
/Users/yasser/Library/Python/3.9/lib/python/site-packages/urllib3/__init__.py:35: NotOpenSSLWarning: urllib3 v2 only supports OpenSSL 1.1.1+, currently the 'ssl' module is compiled with 'LibreSSL 2.8.3'. See: https://github.com/urllib3/urllib3/issues/3020
  warnings.warn(
/Users/yasser/Library/Python/3.9/lib/python/site-packages/urllib3/__init__.py:35: NotOpenSSLWarning: urllib3 v2 only supports OpenSSL 1.1.1+, currently the 'ssl' module is compiled with 'LibreSSL 2.8.3'. See: https://github.com/urllib3/urllib3/issues/3020
  warnings.warn(
/Users/yasser/Library/Python/3.9/lib/python/site-packages/urllib3/__init__.py:35: NotOpenSSLWarning: urllib3 v2 only supports OpenSSL 1.1.1+, currently the 'ssl' module is compiled with 'LibreSSL 2.8.3'. See: https://github.com/urllib3/urllib3/issues/3020
  warnings.warn(
/Users/yasser/Library/Python/3.9/lib/python/site-packages/urllib3/__init__.py:35: NotOpenSSLWarning: urllib3 v2 only supports OpenSSL 1.1.1+, currently the 'ssl' module is compiled with 'LibreSSL 2.8.3'. See: https://github.com/urllib3/urllib3/issues/3020
  warnings.warn(
/Users/yasser/Library/Python/3.9/lib/python/site-packages/urllib3/__init__.py:35: NotOpenSSLWarning: urllib3 v2 only supports OpenSSL 1.1.1+, currently the 'ssl' module is compiled with 'LibreSSL 2.8.3'. See: https://github.com/urllib3/urllib3/issues/3020
  warnings.warn(
/Users/yasser/Library/Python/3.9/lib/python/site-packages/urllib3/__init__.py:35: NotOpenSSLWarning: urllib3 v2 only supports OpenSSL 1.1.1+, currently the 'ssl' module is compiled with 'LibreSSL 2.8.3'. See: https://github.com/urllib3/urllib3/issues/3020
  warnings.warn(
/Users/yasser/Library/Python/3.9/lib/python/site-packages/urllib3/__init__.py:35: NotOpenSSLWarning: urllib3 v2 only supports OpenSSL 1.1.1+, currently the 'ssl' module is compiled with 'LibreSSL 2.8.3'. See: https://github.com/urllib3/urllib3/issues/3020
  warnings.warn(
/Users/yasser/Library/Python/3.9/lib/python/site-packages/urllib3/__init__.py:35: NotOpenSSLWarning: urllib3 v2 only supports OpenSSL 1.1.1+, currently the 'ssl' module is compiled with 'LibreSSL 2.8.3'. See: https://github.com/urllib3/urllib3/issues/3020
  warnings.warn(
/Users/yasser/Library/Python/3.9/lib/python/site-packages/urllib3/__init__.py:35: NotOpenSSLWarning: urllib3 v2 only supports OpenSSL 1.1.1+, currently the 'ssl' module is compiled with 'LibreSSL 2.8.3'. See: https://github.com/urllib3/urllib3/issues/3020
  warnings.warn(
/Users/yasser/Library/Python/3.9/lib/python/site-packages/urllib3/__init__.py:35: NotOpenSSLWarning: urllib3 v2 only supports OpenSSL 1.1.1+, currently the 'ssl' module is compiled with 'LibreSSL 2.8.3'. See: https://github.com/urllib3/urllib3/issues/3020
  warnings.warn(
/Users/yasser/Library/Python/3.9/lib/python/site-packages/urllib3/__init__.py:35: NotOpenSSLWarning: urllib3 v2 only supports OpenSSL 1.1.1+, currently the 'ssl' module is compiled with 'LibreSSL 2.8.3'. See: https://github.com/urllib3/urllib3/issues/3020
  warnings.warn(
/Users/yasser/Library/Python/3.9/lib/python/site-packages/urllib3/__init__.py:35: NotOpenSSLWarning: urllib3 v2 only supports OpenSSL 1.1.1+, currently the 'ssl' module is compiled with 'LibreSSL 2.8.3'. See: https://github.com/urllib3/urllib3/issues/3020
  warnings.warn(
/Users/yasser/Library/Python/3.9/lib/python/site-packages/urllib3/__init__.py:35: NotOpenSSLWarning: urllib3 v2 only supports OpenSSL 1.1.1+, currently the 'ssl' module is compiled with 'LibreSSL 2.8.3'. See: https://github.com/urllib3/urllib3/issues/3020
  warnings.warn(
/Users/yasser/Library/Python/3.9/lib/python/site-packages/urllib3/__init__.py:35: NotOpenSSLWarning: urllib3 v2 only supports OpenSSL 1.1.1+, currently the 'ssl' module is compiled with 'LibreSSL 2.8.3'. See: https://github.com/urllib3/urllib3/issues/3020
  warnings.warn(
/Users/yasser/Library/Python/3.9/lib/python/site-packages/urllib3/__init__.py:35: NotOpenSSLWarning: urllib3 v2 only supports OpenSSL 1.1.1+, currently the 'ssl' module is compiled with 'LibreSSL 2.8.3'. See: https://github.com/urllib3/urllib3/issues/3020
  warnings.warn(
/Users/yasser/Library/Python/3.9/lib/python/site-packages/urllib3/__init__.py:35: NotOpenSSLWarning: urllib3 v2 only supports OpenSSL 1.1.1+, currently the 'ssl' module is compiled with 'LibreSSL 2.8.3'. See: https://github.com/urllib3/urllib3/issues/3020
  warnings.warn(
/Users/yasser/Library/Python/3.9/lib/python/site-packages/urllib3/__init__.py:35: NotOpenSSLWarning: urllib3 v2 only supports OpenSSL 1.1.1+, currently the 'ssl' module is compiled with 'LibreSSL 2.8.3'. See: https://github.com/urllib3/urllib3/issues/3020
  warnings.warn(
/Users/yasser/Library/Python/3.9/lib/python/site-packages/urllib3/__init__.py:35: NotOpenSSLWarning: urllib3 v2 only supports OpenSSL 1.1.1+, currently the 'ssl' module is compiled with 'LibreSSL 2.8.3'. See: https://github.com/urllib3/urllib3/issues/3020
  warnings.warn(
/Users/yasser/Library/Python/3.9/lib/python/site-packages/urllib3/__init__.py:35: NotOpenSSLWarning: urllib3 v2 only supports OpenSSL 1.1.1+, currently the 'ssl' module is compiled with 'LibreSSL 2.8.3'. See: https://github.com/urllib3/urllib3/issues/3020
  warnings.warn(
/Users/yasser/Library/Python/3.9/lib/python/site-packages/urllib3/__init__.py:35: NotOpenSSLWarning: urllib3 v2 only supports OpenSSL 1.1.1+, currently the 'ssl' module is compiled with 'LibreSSL 2.8.3'. See: https://github.com/urllib3/urllib3/issues/3020
  warnings.warn(
/Users/yasser/Library/Python/3.9/lib/python/site-packages/urllib3/__init__.py:35: NotOpenSSLWarning: urllib3 v2 only supports OpenSSL 1.1.1+, currently the 'ssl' module is compiled with 'LibreSSL 2.8.3'. See: https://github.com/urllib3/urllib3/issues/3020
  warnings.warn(
/Users/yasser/Library/Python/3.9/lib/python/site-packages/urllib3/__init__.py:35: NotOpenSSLWarning: urllib3 v2 only supports OpenSSL 1.1.1+, currently the 'ssl' module is compiled with 'LibreSSL 2.8.3'. See: https://github.com/urllib3/urllib3/issues/3020
  warnings.warn(
/Users/yasser/Library/Python/3.9/lib/python/site-packages/urllib3/__init__.py:35: NotOpenSSLWarning: urllib3 v2 only supports OpenSSL 1.1.1+, currently the 'ssl' module is compiled with 'LibreSSL 2.8.3'. See: https://github.com/urllib3/urllib3/issues/3020
  warnings.warn(
/Users/yasser/Library/Python/3.9/lib/python/site-packages/urllib3/__init__.py:35: NotOpenSSLWarning: urllib3 v2 only supports OpenSSL 1.1.1+, currently the 'ssl' module is compiled with 'LibreSSL 2.8.3'. See: https://github.com/urllib3/urllib3/issues/3020
  warnings.warn(
/Users/yasser/Library/Python/3.9/lib/python/site-packages/urllib3/__init__.py:35: NotOpenSSLWarning: urllib3 v2 only supports OpenSSL 1.1.1+, currently the 'ssl' module is compiled with 'LibreSSL 2.8.3'. See: https://github.com/urllib3/urllib3/issues/3020
  warnings.warn(
/Users/yasser/Library/Python/3.9/lib/python/site-packages/urllib3/__init__.py:35: NotOpenSSLWarning: urllib3 v2 only supports OpenSSL 1.1.1+, currently the 'ssl' module is compiled with 'LibreSSL 2.8.3'. See: https://github.com/urllib3/urllib3/issues/3020
  warnings.warn(
/Users/yasser/Library/Python/3.9/lib/python/site-packages/urllib3/__init__.py:35: NotOpenSSLWarning: urllib3 v2 only supports OpenSSL 1.1.1+, currently the 'ssl' module is compiled with 'LibreSSL 2.8.3'. See: https://github.com/urllib3/urllib3/issues/3020
  warnings.warn(
/Users/yasser/Library/Python/3.9/lib/python/site-packages/urllib3/__init__.py:35: NotOpenSSLWarning: urllib3 v2 only supports OpenSSL 1.1.1+, currently the 'ssl' module is compiled with 'LibreSSL 2.8.3'. See: https://github.com/urllib3/urllib3/issues/3020
  warnings.warn(
/Users/yasser/Library/Python/3.9/lib/python/site-packages/urllib3/__init__.py:35: NotOpenSSLWarning: urllib3 v2 only supports OpenSSL 1.1.1+, currently the 'ssl' module is compiled with 'LibreSSL 2.8.3'. See: https://github.com/urllib3/urllib3/issues/3020
  warnings.warn(
/Users/yasser/Library/Python/3.9/lib/python/site-packages/urllib3/__init__.py:35: NotOpenSSLWarning: urllib3 v2 only supports OpenSSL 1.1.1+, currently the 'ssl' module is compiled with 'LibreSSL 2.8.3'. See: https://github.com/urllib3/urllib3/issues/3020
  warnings.warn(
/Users/yasser/Library/Python/3.9/lib/python/site-packages/urllib3/__init__.py:35: NotOpenSSLWarning: urllib3 v2 only supports OpenSSL 1.1.1+, currently the 'ssl' module is compiled with 'LibreSSL 2.8.3'. See: https://github.com/urllib3/urllib3/issues/3020
  warnings.warn(
/Users/yasser/Library/Python/3.9/lib/python/site-packages/urllib3/__init__.py:35: NotOpenSSLWarning: urllib3 v2 only supports OpenSSL 1.1.1+, currently the 'ssl' module is compiled with 'LibreSSL 2.8.3'. See: https://github.com/urllib3/urllib3/issues/3020
  warnings.warn(
/Users/yasser/Library/Python/3.9/lib/python/site-packages/urllib3/__init__.py:35: NotOpenSSLWarning: urllib3 v2 only supports OpenSSL 1.1.1+, currently the 'ssl' module is compiled with 'LibreSSL 2.8.3'. See: https://github.com/urllib3/urllib3/issues/3020
  warnings.warn(
/Users/yasser/Library/Python/3.9/lib/python/site-packages/urllib3/__init__.py:35: NotOpenSSLWarning: urllib3 v2 only supports OpenSSL 1.1.1+, currently the 'ssl' module is compiled with 'LibreSSL 2.8.3'. See: https://github.com/urllib3/urllib3/issues/3020
  warnings.warn(
/Users/yasser/Library/Python/3.9/lib/python/site-packages/urllib3/__init__.py:35: NotOpenSSLWarning: urllib3 v2 only supports OpenSSL 1.1.1+, currently the 'ssl' module is compiled with 'LibreSSL 2.8.3'. See: https://github.com/urllib3/urllib3/issues/3020
  warnings.warn(
/Users/yasser/Library/Python/3.9/lib/python/site-packages/urllib3/__init__.py:35: NotOpenSSLWarning: urllib3 v2 only supports OpenSSL 1.1.1+, currently the 'ssl' module is compiled with 'LibreSSL 2.8.3'. See: https://github.com/urllib3/urllib3/issues/3020
  warnings.warn(
/Users/yasser/Library/Python/3.9/lib/python/site-packages/urllib3/__init__.py:35: NotOpenSSLWarning: urllib3 v2 only supports OpenSSL 1.1.1+, currently the 'ssl' module is compiled with 'LibreSSL 2.8.3'. See: https://github.com/urllib3/urllib3/issues/3020
  warnings.warn(
/Users/yasser/Library/Python/3.9/lib/python/site-packages/urllib3/__init__.py:35: NotOpenSSLWarning: urllib3 v2 only supports OpenSSL 1.1.1+, currently the 'ssl' module is compiled with 'LibreSSL 2.8.3'. See: https://github.com/urllib3/urllib3/issues/3020
  warnings.warn(
/Users/yasser/Library/Python/3.9/lib/python/site-packages/urllib3/__init__.py:35: NotOpenSSLWarning: urllib3 v2 only supports OpenSSL 1.1.1+, currently the 'ssl' module is compiled with 'LibreSSL 2.8.3'. See: https://github.com/urllib3/urllib3/issues/3020
  warnings.warn(
/Users/yasser/Library/Python/3.9/lib/python/site-packages/urllib3/__init__.py:35: NotOpenSSLWarning: urllib3 v2 only supports OpenSSL 1.1.1+, currently the 'ssl' module is compiled with 'LibreSSL 2.8.3'. See: https://github.com/urllib3/urllib3/issues/3020
  warnings.warn(
/Users/yasser/Library/Python/3.9/lib/python/site-packages/urllib3/__init__.py:35: NotOpenSSLWarning: urllib3 v2 only supports OpenSSL 1.1.1+, currently the 'ssl' module is compiled with 'LibreSSL 2.8.3'. See: https://github.com/urllib3/urllib3/issues/3020
  warnings.warn(
/Users/yasser/Library/Python/3.9/lib/python/site-packages/urllib3/__init__.py:35: NotOpenSSLWarning: urllib3 v2 only supports OpenSSL 1.1.1+, currently the 'ssl' module is compiled with 'LibreSSL 2.8.3'. See: https://github.com/urllib3/urllib3/issues/3020
  warnings.warn(
/Users/yasser/Library/Python/3.9/lib/python/site-packages/urllib3/__init__.py:35: NotOpenSSLWarning: urllib3 v2 only supports OpenSSL 1.1.1+, currently the 'ssl' module is compiled with 'LibreSSL 2.8.3'. See: https://github.com/urllib3/urllib3/issues/3020
  warnings.warn(
/Users/yasser/Library/Python/3.9/lib/python/site-packages/urllib3/__init__.py:35: NotOpenSSLWarning: urllib3 v2 only supports OpenSSL 1.1.1+, currently the 'ssl' module is compiled with 'LibreSSL 2.8.3'. See: https://github.com/urllib3/urllib3/issues/3020
  warnings.warn(
/Users/yasser/Library/Python/3.9/lib/python/site-packages/urllib3/__init__.py:35: NotOpenSSLWarning: urllib3 v2 only supports OpenSSL 1.1.1+, currently the 'ssl' module is compiled with 'LibreSSL 2.8.3'. See: https://github.com/urllib3/urllib3/issues/3020
  warnings.warn(
/Users/yasser/Library/Python/3.9/lib/python/site-packages/urllib3/__init__.py:35: NotOpenSSLWarning: urllib3 v2 only supports OpenSSL 1.1.1+, currently the 'ssl' module is compiled with 'LibreSSL 2.8.3'. See: https://github.com/urllib3/urllib3/issues/3020
  warnings.warn(
/Users/yasser/Library/Python/3.9/lib/python/site-packages/urllib3/__init__.py:35: NotOpenSSLWarning: urllib3 v2 only supports OpenSSL 1.1.1+, currently the 'ssl' module is compiled with 'LibreSSL 2.8.3'. See: https://github.com/urllib3/urllib3/issues/3020
  warnings.warn(
/Users/yasser/Library/Python/3.9/lib/python/site-packages/urllib3/__init__.py:35: NotOpenSSLWarning: urllib3 v2 only supports OpenSSL 1.1.1+, currently the 'ssl' module is compiled with 'LibreSSL 2.8.3'. See: https://github.com/urllib3/urllib3/issues/3020
  warnings.warn(
/Users/yasser/Library/Python/3.9/lib/python/site-packages/urllib3/__init__.py:35: NotOpenSSLWarning: urllib3 v2 only supports OpenSSL 1.1.1+, currently the 'ssl' module is compiled with 'LibreSSL 2.8.3'. See: https://github.com/urllib3/urllib3/issues/3020
  warnings.warn(
/Users/yasser/Library/Python/3.9/lib/python/site-packages/urllib3/__init__.py:35: NotOpenSSLWarning: urllib3 v2 only supports OpenSSL 1.1.1+, currently the 'ssl' module is compiled with 'LibreSSL 2.8.3'. See: https://github.com/urllib3/urllib3/issues/3020
  warnings.warn(
/Users/yasser/Library/Python/3.9/lib/python/site-packages/urllib3/__init__.py:35: NotOpenSSLWarning: urllib3 v2 only supports OpenSSL 1.1.1+, currently the 'ssl' module is compiled with 'LibreSSL 2.8.3'. See: https://github.com/urllib3/urllib3/issues/3020
  warnings.warn(
/Users/yasser/Library/Python/3.9/lib/python/site-packages/urllib3/__init__.py:35: NotOpenSSLWarning: urllib3 v2 only supports OpenSSL 1.1.1+, currently the 'ssl' module is compiled with 'LibreSSL 2.8.3'. See: https://github.com/urllib3/urllib3/issues/3020
  warnings.warn(
/Users/yasser/Library/Python/3.9/lib/python/site-packages/urllib3/__init__.py:35: NotOpenSSLWarning: urllib3 v2 only supports OpenSSL 1.1.1+, currently the 'ssl' module is compiled with 'LibreSSL 2.8.3'. See: https://github.com/urllib3/urllib3/issues/3020
  warnings.warn(
/Users/yasser/Library/Python/3.9/lib/python/site-packages/urllib3/__init__.py:35: NotOpenSSLWarning: urllib3 v2 only supports OpenSSL 1.1.1+, currently the 'ssl' module is compiled with 'LibreSSL 2.8.3'. See: https://github.com/urllib3/urllib3/issues/3020
  warnings.warn(
/Users/yasser/Library/Python/3.9/lib/python/site-packages/urllib3/__init__.py:35: NotOpenSSLWarning: urllib3 v2 only supports OpenSSL 1.1.1+, currently the 'ssl' module is compiled with 'LibreSSL 2.8.3'. See: https://github.com/urllib3/urllib3/issues/3020
  warnings.warn(
/Users/yasser/Library/Python/3.9/lib/python/site-packages/urllib3/__init__.py:35: NotOpenSSLWarning: urllib3 v2 only supports OpenSSL 1.1.1+, currently the 'ssl' module is compiled with 'LibreSSL 2.8.3'. See: https://github.com/urllib3/urllib3/issues/3020
  warnings.warn(
/Users/yasser/Library/Python/3.9/lib/python/site-packages/urllib3/__init__.py:35: NotOpenSSLWarning: urllib3 v2 only supports OpenSSL 1.1.1+, currently the 'ssl' module is compiled with 'LibreSSL 2.8.3'. See: https://github.com/urllib3/urllib3/issues/3020
  warnings.warn(
/Users/yasser/Library/Python/3.9/lib/python/site-packages/urllib3/__init__.py:35: NotOpenSSLWarning: urllib3 v2 only supports OpenSSL 1.1.1+, currently the 'ssl' module is compiled with 'LibreSSL 2.8.3'. See: https://github.com/urllib3/urllib3/issues/3020
  warnings.warn(
/Users/yasser/Library/Python/3.9/lib/python/site-packages/urllib3/__init__.py:35: NotOpenSSLWarning: urllib3 v2 only supports OpenSSL 1.1.1+, currently the 'ssl' module is compiled with 'LibreSSL 2.8.3'. See: https://github.com/urllib3/urllib3/issues/3020
  warnings.warn(
/Users/yasser/Library/Python/3.9/lib/python/site-packages/urllib3/__init__.py:35: NotOpenSSLWarning: urllib3 v2 only supports OpenSSL 1.1.1+, currently the 'ssl' module is compiled with 'LibreSSL 2.8.3'. See: https://github.com/urllib3/urllib3/issues/3020
  warnings.warn(
/Users/yasser/Library/Python/3.9/lib/python/site-packages/urllib3/__init__.py:35: NotOpenSSLWarning: urllib3 v2 only supports OpenSSL 1.1.1+, currently the 'ssl' module is compiled with 'LibreSSL 2.8.3'. See: https://github.com/urllib3/urllib3/issues/3020
  warnings.warn(
/Users/yasser/Library/Python/3.9/lib/python/site-packages/urllib3/__init__.py:35: NotOpenSSLWarning: urllib3 v2 only supports OpenSSL 1.1.1+, currently the 'ssl' module is compiled with 'LibreSSL 2.8.3'. See: https://github.com/urllib3/urllib3/issues/3020
  warnings.warn(
/Users/yasser/Library/Python/3.9/lib/python/site-packages/urllib3/__init__.py:35: NotOpenSSLWarning: urllib3 v2 only supports OpenSSL 1.1.1+, currently the 'ssl' module is compiled with 'LibreSSL 2.8.3'. See: https://github.com/urllib3/urllib3/issues/3020
  warnings.warn(
/Users/yasser/Library/Python/3.9/lib/python/site-packages/urllib3/__init__.py:35: NotOpenSSLWarning: urllib3 v2 only supports OpenSSL 1.1.1+, currently the 'ssl' module is compiled with 'LibreSSL 2.8.3'. See: https://github.com/urllib3/urllib3/issues/3020
  warnings.warn(
/Users/yasser/Library/Python/3.9/lib/python/site-packages/urllib3/__init__.py:35: NotOpenSSLWarning: urllib3 v2 only supports OpenSSL 1.1.1+, currently the 'ssl' module is compiled with 'LibreSSL 2.8.3'. See: https://github.com/urllib3/urllib3/issues/3020
  warnings.warn(
/Users/yasser/Library/Python/3.9/lib/python/site-packages/urllib3/__init__.py:35: NotOpenSSLWarning: urllib3 v2 only supports OpenSSL 1.1.1+, currently the 'ssl' module is compiled with 'LibreSSL 2.8.3'. See: https://github.com/urllib3/urllib3/issues/3020
  warnings.warn(
/Users/yasser/Library/Python/3.9/lib/python/site-packages/urllib3/__init__.py:35: NotOpenSSLWarning: urllib3 v2 only supports OpenSSL 1.1.1+, currently the 'ssl' module is compiled with 'LibreSSL 2.8.3'. See: https://github.com/urllib3/urllib3/issues/3020
  warnings.warn(
/Users/yasser/Library/Python/3.9/lib/python/site-packages/urllib3/__init__.py:35: NotOpenSSLWarning: urllib3 v2 only supports OpenSSL 1.1.1+, currently the 'ssl' module is compiled with 'LibreSSL 2.8.3'. See: https://github.com/urllib3/urllib3/issues/3020
  warnings.warn(
/Users/yasser/Library/Python/3.9/lib/python/site-packages/urllib3/__init__.py:35: NotOpenSSLWarning: urllib3 v2 only supports OpenSSL 1.1.1+, currently the 'ssl' module is compiled with 'LibreSSL 2.8.3'. See: https://github.com/urllib3/urllib3/issues/3020
  warnings.warn(
/Users/yasser/Library/Python/3.9/lib/python/site-packages/urllib3/__init__.py:35: NotOpenSSLWarning: urllib3 v2 only supports OpenSSL 1.1.1+, currently the 'ssl' module is compiled with 'LibreSSL 2.8.3'. See: https://github.com/urllib3/urllib3/issues/3020
  warnings.warn(
/Users/yasser/Library/Python/3.9/lib/python/site-packages/urllib3/__init__.py:35: NotOpenSSLWarning: urllib3 v2 only supports OpenSSL 1.1.1+, currently the 'ssl' module is compiled with 'LibreSSL 2.8.3'. See: https://github.com/urllib3/urllib3/issues/3020
  warnings.warn(
/Users/yasser/Library/Python/3.9/lib/python/site-packages/urllib3/__init__.py:35: NotOpenSSLWarning: urllib3 v2 only supports OpenSSL 1.1.1+, currently the 'ssl' module is compiled with 'LibreSSL 2.8.3'. See: https://github.com/urllib3/urllib3/issues/3020
  warnings.warn(
/Users/yasser/Library/Python/3.9/lib/python/site-packages/urllib3/__init__.py:35: NotOpenSSLWarning: urllib3 v2 only supports OpenSSL 1.1.1+, currently the 'ssl' module is compiled with 'LibreSSL 2.8.3'. See: https://github.com/urllib3/urllib3/issues/3020
  warnings.warn(
/Users/yasser/Library/Python/3.9/lib/python/site-packages/urllib3/__init__.py:35: NotOpenSSLWarning: urllib3 v2 only supports OpenSSL 1.1.1+, currently the 'ssl' module is compiled with 'LibreSSL 2.8.3'. See: https://github.com/urllib3/urllib3/issues/3020
  warnings.warn(
/Users/yasser/Library/Python/3.9/lib/python/site-packages/urllib3/__init__.py:35: NotOpenSSLWarning: urllib3 v2 only supports OpenSSL 1.1.1+, currently the 'ssl' module is compiled with 'LibreSSL 2.8.3'. See: https://github.com/urllib3/urllib3/issues/3020
  warnings.warn(
/Users/yasser/Library/Python/3.9/lib/python/site-packages/urllib3/__init__.py:35: NotOpenSSLWarning: urllib3 v2 only supports OpenSSL 1.1.1+, currently the 'ssl' module is compiled with 'LibreSSL 2.8.3'. See: https://github.com/urllib3/urllib3/issues/3020
  warnings.warn(
/Users/yasser/Library/Python/3.9/lib/python/site-packages/urllib3/__init__.py:35: NotOpenSSLWarning: urllib3 v2 only supports OpenSSL 1.1.1+, currently the 'ssl' module is compiled with 'LibreSSL 2.8.3'. See: https://github.com/urllib3/urllib3/issues/3020
  warnings.warn(
/Users/yasser/Library/Python/3.9/lib/python/site-packages/urllib3/__init__.py:35: NotOpenSSLWarning: urllib3 v2 only supports OpenSSL 1.1.1+, currently the 'ssl' module is compiled with 'LibreSSL 2.8.3'. See: https://github.com/urllib3/urllib3/issues/3020
  warnings.warn(
/Users/yasser/Library/Python/3.9/lib/python/site-packages/urllib3/__init__.py:35: NotOpenSSLWarning: urllib3 v2 only supports OpenSSL 1.1.1+, currently the 'ssl' module is compiled with 'LibreSSL 2.8.3'. See: https://github.com/urllib3/urllib3/issues/3020
  warnings.warn(
/Users/yasser/Library/Python/3.9/lib/python/site-packages/urllib3/__init__.py:35: NotOpenSSLWarning: urllib3 v2 only supports OpenSSL 1.1.1+, currently the 'ssl' module is compiled with 'LibreSSL 2.8.3'. See: https://github.com/urllib3/urllib3/issues/3020
  warnings.warn(
/Users/yasser/Library/Python/3.9/lib/python/site-packages/urllib3/__init__.py:35: NotOpenSSLWarning: urllib3 v2 only supports OpenSSL 1.1.1+, currently the 'ssl' module is compiled with 'LibreSSL 2.8.3'. See: https://github.com/urllib3/urllib3/issues/3020
  warnings.warn(
/Users/yasser/Library/Python/3.9/lib/python/site-packages/urllib3/__init__.py:35: NotOpenSSLWarning: urllib3 v2 only supports OpenSSL 1.1.1+, currently the 'ssl' module is compiled with 'LibreSSL 2.8.3'. See: https://github.com/urllib3/urllib3/issues/3020
  warnings.warn(
/Users/yasser/Library/Python/3.9/lib/python/site-packages/urllib3/__init__.py:35: NotOpenSSLWarning: urllib3 v2 only supports OpenSSL 1.1.1+, currently the 'ssl' module is compiled with 'LibreSSL 2.8.3'. See: https://github.com/urllib3/urllib3/issues/3020
  warnings.warn(
/Users/yasser/Library/Python/3.9/lib/python/site-packages/urllib3/__init__.py:35: NotOpenSSLWarning: urllib3 v2 only supports OpenSSL 1.1.1+, currently the 'ssl' module is compiled with 'LibreSSL 2.8.3'. See: https://github.com/urllib3/urllib3/issues/3020
  warnings.warn(
/Users/yasser/Library/Python/3.9/lib/python/site-packages/urllib3/__init__.py:35: NotOpenSSLWarning: urllib3 v2 only supports OpenSSL 1.1.1+, currently the 'ssl' module is compiled with 'LibreSSL 2.8.3'. See: https://github.com/urllib3/urllib3/issues/3020
  warnings.warn(
[2026-06-23T14:14:07+00:00] vault_client: pushed handoff {'handoff': 1} synced={'signals': 0, 'positions': 0, 'handoff': 1, 'trades': 0, 'cash': 0, 'decisions': 0, 'documents': 0, 'thesis': 0, 'valueSnapshots': 0}
/Users/yasser/Library/Python/3.9/lib/python/site-packages/urllib3/__init__.py:35: NotOpenSSLWarning: urllib3 v2 only supports OpenSSL 1.1.1+, currently the 'ssl' module is compiled with 'LibreSSL 2.8.3'. See: https://github.com/urllib3/urllib3/issues/3020
  warnings.warn(
[2026-06-23T14:23:39+00:00] vault_client: pushed signal {'signals': 1} synced={'signals': 1, 'positions': 0, 'handoff': 0, 'trades': 0, 'cash': 0, 'decisions': 0, 'documents': 0, 'thesis': 0, 'valueSnapshots': 0}
[2026-06-23T14:23:39+00:00] vault_client: pushed handoff {'handoff': 1} synced={'signals': 0, 'positions': 0, 'handoff': 1, 'trades': 0, 'cash': 0, 'decisions': 0, 'documents': 0, 'thesis': 0, 'valueSnapshots': 0}
/Users/yasser/Library/Python/3.9/lib/python/site-packages/urllib3/__init__.py:35: NotOpenSSLWarning: urllib3 v2 only supports OpenSSL 1.1.1+, currently the 'ssl' module is compiled with 'LibreSSL 2.8.3'. See: https://github.com/urllib3/urllib3/issues/3020
  warnings.warn(
[2026-06-23T14:33:38+00:00] vault_client: pushed signal {'signals': 1} synced={'signals': 1, 'positions': 0, 'handoff': 0, 'trades': 0, 'cash': 0, 'decisions': 0, 'documents': 0, 'thesis': 0, 'valueSnapshots': 0}
[2026-06-23T14:33:38+00:00] vault_client: pushed handoff {'handoff': 1} synced={'signals': 0, 'positions': 0, 'handoff': 1, 'trades': 0, 'cash': 0, 'decisions': 0, 'documents': 0, 'thesis': 0, 'valueSnapshots': 0}
/Users/yasser/Library/Python/3.9/lib/python/site-packages/urllib3/__init__.py:35: NotOpenSSLWarning: urllib3 v2 only supports OpenSSL 1.1.1+, currently the 'ssl' module is compiled with 'LibreSSL 2.8.3'. See: https://github.com/urllib3/urllib3/issues/3020
  warnings.warn(
[2026-06-23T14:43:49+00:00] vault_client: pushed signal {'signals': 1} synced={'signals': 1, 'positions': 0, 'handoff': 0, 'trades': 0, 'cash': 0, 'decisions': 0, 'documents': 0, 'thesis': 0, 'valueSnapshots': 0}
[2026-06-23T14:43:49+00:00] vault_client: pushed handoff {'handoff': 1} synced={'signals': 0, 'positions': 0, 'handoff': 1, 'trades': 0, 'cash': 0, 'decisions': 0, 'documents': 0, 'thesis': 0, 'valueSnapshots': 0}
/Users/yasser/Library/Python/3.9/lib/python/site-packages/urllib3/__init__.py:35: NotOpenSSLWarning: urllib3 v2 only supports OpenSSL 1.1.1+, currently the 'ssl' module is compiled with 'LibreSSL 2.8.3'. See: https://github.com/urllib3/urllib3/issues/3020
  warnings.warn(
[2026-06-23T14:53:24+00:00] vault_client: pushed signal {'signals': 1} synced={'signals': 1, 'positions': 0, 'handoff': 0, 'trades': 0, 'cash': 0, 'decisions': 0, 'documents': 0, 'thesis': 0, 'valueSnapshots': 0}
[2026-06-23T14:53:24+00:00] vault_client: pushed handoff {'handoff': 1} synced={'signals': 0, 'positions': 0, 'handoff': 1, 'trades': 0, 'cash': 0, 'decisions': 0, 'documents': 0, 'thesis': 0, 'valueSnapshots': 0}
/Users/yasser/Library/Python/3.9/lib/python/site-packages/urllib3/__init__.py:35: NotOpenSSLWarning: urllib3 v2 only supports OpenSSL 1.1.1+, currently the 'ssl' module is compiled with 'LibreSSL 2.8.3'. See: https://github.com/urllib3/urllib3/issues/3020
  warnings.warn(
[2026-06-23T15:03:45+00:00] vault_client: pushed signal {'signals': 1} synced={'signals': 1, 'positions': 0, 'handoff': 0, 'trades': 0, 'cash': 0, 'decisions': 0, 'documents': 0, 'thesis': 0, 'valueSnapshots': 0}
[2026-06-23T15:03:46+00:00] vault_client: pushed handoff {'handoff': 1} synced={'signals': 0, 'positions': 0, 'handoff': 1, 'trades': 0, 'cash': 0, 'decisions': 0, 'documents': 0, 'thesis': 0, 'valueSnapshots': 0}
/Users/yasser/Library/Python/3.9/lib/python/site-packages/urllib3/__init__.py:35: NotOpenSSLWarning: urllib3 v2 only supports OpenSSL 1.1.1+, currently the 'ssl' module is compiled with 'LibreSSL 2.8.3'. See: https://github.com/urllib3/urllib3/issues/3020
  warnings.warn(
[2026-06-23T15:14:05+00:00] vault_client: pushed signal {'signals': 1} synced={'signals': 1, 'positions': 0, 'handoff': 0, 'trades': 0, 'cash': 0, 'decisions': 0, 'documents': 0, 'thesis': 0, 'valueSnapshots': 0}
[2026-06-23T15:14:06+00:00] vault_client: pushed handoff {'handoff': 1} synced={'signals': 0, 'positions': 0, 'handoff': 1, 'trades': 0, 'cash': 0, 'decisions': 0, 'documents': 0, 'thesis': 0, 'valueSnapshots': 0}
/Users/yasser/Library/Python/3.9/lib/python/site-packages/urllib3/__init__.py:35: NotOpenSSLWarning: urllib3 v2 only supports OpenSSL 1.1.1+, currently the 'ssl' module is compiled with 'LibreSSL 2.8.3'. See: https://github.com/urllib3/urllib3/issues/3020
  warnings.warn(
[2026-06-23T15:23:56+00:00] vault_client: pushed signal {'signals': 1} synced={'signals': 1, 'positions': 0, 'handoff': 0, 'trades': 0, 'cash': 0, 'decisions': 0, 'documents': 0, 'thesis': 0, 'valueSnapshots': 0}
[2026-06-23T15:23:57+00:00] vault_client: pushed handoff {'handoff': 1} synced={'signals': 0, 'positions': 0, 'handoff': 1, 'trades': 0, 'cash': 0, 'decisions': 0, 'documents': 0, 'thesis': 0, 'valueSnapshots': 0}
/Users/yasser/Library/Python/3.9/lib/python/site-packages/urllib3/__init__.py:35: NotOpenSSLWarning: urllib3 v2 only supports OpenSSL 1.1.1+, currently the 'ssl' module is compiled with 'LibreSSL 2.8.3'. See: https://github.com/urllib3/urllib3/issues/3020
  warnings.warn(
[2026-06-23T15:34:01+00:00] vault_client: pushed signal {'signals': 1} synced={'signals': 1, 'positions': 0, 'handoff': 0, 'trades': 0, 'cash': 0, 'decisions': 0, 'documents': 0, 'thesis': 0, 'valueSnapshots': 0}
[2026-06-23T15:34:02+00:00] vault_client: pushed handoff {'handoff': 1} synced={'signals': 0, 'positions': 0, 'handoff': 1, 'trades': 0, 'cash': 0, 'decisions': 0, 'documents': 0, 'thesis': 0, 'valueSnapshots': 0}
/Users/yasser/Library/Python/3.9/lib/python/site-packages/urllib3/__init__.py:35: NotOpenSSLWarning: urllib3 v2 only supports OpenSSL 1.1.1+, currently the 'ssl' module is compiled with 'LibreSSL 2.8.3'. See: https://github.com/urllib3/urllib3/issues/3020
  warnings.warn(
[2026-06-23T15:43:40+00:00] vault_client: pushed signal {'signals': 1} synced={'signals': 1, 'positions': 0, 'handoff': 0, 'trades': 0, 'cash': 0, 'decisions': 0, 'documents': 0, 'thesis': 0, 'valueSnapshots': 0}
[2026-06-23T15:43:41+00:00] vault_client: pushed handoff {'handoff': 1} synced={'signals': 0, 'positions': 0, 'handoff': 1, 'trades': 0, 'cash': 0, 'decisions': 0, 'documents': 0, 'thesis': 0, 'valueSnapshots': 0}
/Users/yasser/Library/Python/3.9/lib/python/site-packages/urllib3/__init__.py:35: NotOpenSSLWarning: urllib3 v2 only supports OpenSSL 1.1.1+, currently the 'ssl' module is compiled with 'LibreSSL 2.8.3'. See: https://github.com/urllib3/urllib3/issues/3020
  warnings.warn(
[2026-06-23T15:53:48+00:00] vault_client: pushed signal {'signals': 1} synced={'signals': 1, 'positions': 0, 'handoff': 0, 'trades': 0, 'cash': 0, 'decisions': 0, 'documents': 0, 'thesis': 0, 'valueSnapshots': 0}
[2026-06-23T15:53:49+00:00] vault_client: pushed handoff {'handoff': 1} synced={'signals': 0, 'positions': 0, 'handoff': 1, 'trades': 0, 'cash': 0, 'decisions': 0, 'documents': 0, 'thesis': 0, 'valueSnapshots': 0}
/Users/yasser/Library/Python/3.9/lib/python/site-packages/urllib3/__init__.py:35: NotOpenSSLWarning: urllib3 v2 only supports OpenSSL 1.1.1+, currently the 'ssl' module is compiled with 'LibreSSL 2.8.3'. See: https://github.com/urllib3/urllib3/issues/3020
  warnings.warn(
[2026-06-23T16:04:02+00:00] vault_client: pushed signal {'signals': 1} synced={'signals': 1, 'positions': 0, 'handoff': 0, 'trades': 0, 'cash': 0, 'decisions': 0, 'documents': 0, 'thesis': 0, 'valueSnapshots': 0}
[2026-06-23T16:04:03+00:00] vault_client: pushed handoff {'handoff': 1} synced={'signals': 0, 'positions': 0, 'handoff': 1, 'trades': 0, 'cash': 0, 'decisions': 0, 'documents': 0, 'thesis': 0, 'valueSnapshots': 0}
/Users/yasser/Library/Python/3.9/lib/python/site-packages/urllib3/__init__.py:35: NotOpenSSLWarning: urllib3 v2 only supports OpenSSL 1.1.1+, currently the 'ssl' module is compiled with 'LibreSSL 2.8.3'. See: https://github.com/urllib3/urllib3/issues/3020
  warnings.warn(
[2026-06-23T16:13:26+00:00] vault_client: pushed signal {'signals': 1} synced={'signals': 1, 'positions': 0, 'handoff': 0, 'trades': 0, 'cash': 0, 'decisions': 0, 'documents': 0, 'thesis': 0, 'valueSnapshots': 0}
[2026-06-23T16:13:27+00:00] vault_client: pushed handoff {'handoff': 1} synced={'signals': 0, 'positions': 0, 'handoff': 1, 'trades': 0, 'cash': 0, 'decisions': 0, 'documents': 0, 'thesis': 0, 'valueSnapshots': 0}
/Users/yasser/Library/Python/3.9/lib/python/site-packages/urllib3/__init__.py:35: NotOpenSSLWarning: urllib3 v2 only supports OpenSSL 1.1.1+, currently the 'ssl' module is compiled with 'LibreSSL 2.8.3'. See: https://github.com/urllib3/urllib3/issues/3020
  warnings.warn(
[2026-06-23T16:23:49+00:00] vault_client: pushed signal {'signals': 1} synced={'signals': 1, 'positions': 0, 'handoff': 0, 'trades': 0, 'cash': 0, 'decisions': 0, 'documents': 0, 'thesis': 0, 'valueSnapshots': 0}
[2026-06-23T16:23:49+00:00] vault_client: pushed handoff {'handoff': 1} synced={'signals': 0, 'positions': 0, 'handoff': 1, 'trades': 0, 'cash': 0, 'decisions': 0, 'documents': 0, 'thesis': 0, 'valueSnapshots': 0}
/Users/yasser/Library/Python/3.9/lib/python/site-packages/urllib3/__init__.py:35: NotOpenSSLWarning: urllib3 v2 only supports OpenSSL 1.1.1+, currently the 'ssl' module is compiled with 'LibreSSL 2.8.3'. See: https://github.com/urllib3/urllib3/issues/3020
  warnings.warn(
[2026-06-23T16:35:09+00:00] vault_client: pushed handoff {'handoff': 1} synced={'signals': 0, 'positions': 0, 'handoff': 1, 'trades': 0, 'cash': 0, 'decisions': 0, 'documents': 0, 'thesis': 0, 'valueSnapshots': 0}
/Users/yasser/Library/Python/3.9/lib/python/site-packages/urllib3/__init__.py:35: NotOpenSSLWarning: urllib3 v2 only supports OpenSSL 1.1.1+, currently the 'ssl' module is compiled with 'LibreSSL 2.8.3'. See: https://github.com/urllib3/urllib3/issues/3020
  warnings.warn(
[2026-06-23T16:44:12+00:00] vault_client: pushed signal {'signals': 1} synced={'signals': 1, 'positions': 0, 'handoff': 0, 'trades': 0, 'cash': 0, 'decisions': 0, 'documents': 0, 'thesis': 0, 'valueSnapshots': 0}
[2026-06-23T16:44:13+00:00] vault_client: pushed handoff {'handoff': 1} synced={'signals': 0, 'positions': 0, 'handoff': 1, 'trades': 0, 'cash': 0, 'decisions': 0, 'documents': 0, 'thesis': 0, 'valueSnapshots': 0}
/Users/yasser/Library/Python/3.9/lib/python/site-packages/urllib3/__init__.py:35: NotOpenSSLWarning: urllib3 v2 only supports OpenSSL 1.1.1+, currently the 'ssl' module is compiled with 'LibreSSL 2.8.3'. See: https://github.com/urllib3/urllib3/issues/3020
  warnings.warn(
[2026-06-23T16:53:45+00:00] vault_client: pushed signal {'signals': 1} synced={'signals': 1, 'positions': 0, 'handoff': 0, 'trades': 0, 'cash': 0, 'decisions': 0, 'documents': 0, 'thesis': 0, 'valueSnapshots': 0}
[2026-06-23T16:53:45+00:00] vault_client: pushed handoff {'handoff': 1} synced={'signals': 0, 'positions': 0, 'handoff': 1, 'trades': 0, 'cash': 0, 'decisions': 0, 'documents': 0, 'thesis': 0, 'valueSnapshots': 0}
/Users/yasser/Library/Python/3.9/lib/python/site-packages/urllib3/__init__.py:35: NotOpenSSLWarning: urllib3 v2 only supports OpenSSL 1.1.1+, currently the 'ssl' module is compiled with 'LibreSSL 2.8.3'. See: https://github.com/urllib3/urllib3/issues/3020
  warnings.warn(
[2026-06-23T17:03:44+00:00] vault_client: pushed signal {'signals': 1} synced={'signals': 1, 'positions': 0, 'handoff': 0, 'trades': 0, 'cash': 0, 'decisions': 0, 'documents': 0, 'thesis': 0, 'valueSnapshots': 0}
[2026-06-23T17:03:44+00:00] vault_client: pushed handoff {'handoff': 1} synced={'signals': 0, 'positions': 0, 'handoff': 1, 'trades': 0, 'cash': 0, 'decisions': 0, 'documents': 0, 'thesis': 0, 'valueSnapshots': 0}
/Users/yasser/Library/Python/3.9/lib/python/site-packages/urllib3/__init__.py:35: NotOpenSSLWarning: urllib3 v2 only supports OpenSSL 1.1.1+, currently the 'ssl' module is compiled with 'LibreSSL 2.8.3'. See: https://github.com/urllib3/urllib3/issues/3020
  warnings.warn(
[2026-06-23T17:14:07+00:00] vault_client: pushed signal {'signals': 1} synced={'signals': 1, 'positions': 0, 'handoff': 0, 'trades': 0, 'cash': 0, 'decisions': 0, 'documents': 0, 'thesis': 0, 'valueSnapshots': 0}
[2026-06-23T17:14:07+00:00] vault_client: pushed handoff {'handoff': 1} synced={'signals': 0, 'positions': 0, 'handoff': 1, 'trades': 0, 'cash': 0, 'decisions': 0, 'documents': 0, 'thesis': 0, 'valueSnapshots': 0}
/Users/yasser/Library/Python/3.9/lib/python/site-packages/urllib3/__init__.py:35: NotOpenSSLWarning: urllib3 v2 only supports OpenSSL 1.1.1+, currently the 'ssl' module is compiled with 'LibreSSL 2.8.3'. See: https://github.com/urllib3/urllib3/issues/3020
  warnings.warn(
[2026-06-23T17:23:59+00:00] vault_client: pushed signal {'signals': 1} synced={'signals': 1, 'positions': 0, 'handoff': 0, 'trades': 0, 'cash': 0, 'decisions': 0, 'documents': 0, 'thesis': 0, 'valueSnapshots': 0}
[2026-06-23T17:24:00+00:00] vault_client: pushed handoff {'handoff': 1} synced={'signals': 0, 'positions': 0, 'handoff': 1, 'trades': 0, 'cash': 0, 'decisions': 0, 'documents': 0, 'thesis': 0, 'valueSnapshots': 0}
/Users/yasser/Library/Python/3.9/lib/python/site-packages/urllib3/__init__.py:35: NotOpenSSLWarning: urllib3 v2 only supports OpenSSL 1.1.1+, currently the 'ssl' module is compiled with 'LibreSSL 2.8.3'. See: https://github.com/urllib3/urllib3/issues/3020
  warnings.warn(
[2026-06-23T17:33:45+00:00] vault_client: pushed signal {'signals': 1} synced={'signals': 1, 'positions': 0, 'handoff': 0, 'trades': 0, 'cash': 0, 'decisions': 0, 'documents': 0, 'thesis': 0, 'valueSnapshots': 0}
[2026-06-23T17:33:45+00:00] vault_client: pushed handoff {'handoff': 1} synced={'signals': 0, 'positions': 0, 'handoff': 1, 'trades': 0, 'cash': 0, 'decisions': 0, 'documents': 0, 'thesis': 0, 'valueSnapshots': 0}
/Users/yasser/Library/Python/3.9/lib/python/site-packages/urllib3/__init__.py:35: NotOpenSSLWarning: urllib3 v2 only supports OpenSSL 1.1.1+, currently the 'ssl' module is compiled with 'LibreSSL 2.8.3'. See: https://github.com/urllib3/urllib3/issues/3020
  warnings.warn(
[2026-06-23T17:43:28+00:00] vault_client: pushed signal {'signals': 1} synced={'signals': 1, 'positions': 0, 'handoff': 0, 'trades': 0, 'cash': 0, 'decisions': 0, 'documents': 0, 'thesis': 0, 'valueSnapshots': 0}
[2026-06-23T17:43:28+00:00] vault_client: pushed handoff {'handoff': 1} synced={'signals': 0, 'positions': 0, 'handoff': 1, 'trades': 0, 'cash': 0, 'decisions': 0, 'documents': 0, 'thesis': 0, 'valueSnapshots': 0}
/Users/yasser/Library/Python/3.9/lib/python/site-packages/urllib3/__init__.py:35: NotOpenSSLWarning: urllib3 v2 only supports OpenSSL 1.1.1+, currently the 'ssl' module is compiled with 'LibreSSL 2.8.3'. See: https://github.com/urllib3/urllib3/issues/3020
  warnings.warn(
[2026-06-23T17:55:29+00:00] vault_client: pushed signal {'signals': 1} synced={'signals': 1, 'positions': 0, 'handoff': 0, 'trades': 0, 'cash': 0, 'decisions': 0, 'documents': 0, 'thesis': 0, 'valueSnapshots': 0}
[2026-06-23T17:55:29+00:00] vault_client: pushed handoff {'handoff': 1} synced={'signals': 0, 'positions': 0, 'handoff': 1, 'trades': 0, 'cash': 0, 'decisions': 0, 'documents': 0, 'thesis': 0, 'valueSnapshots': 0}
/Users/yasser/Library/Python/3.9/lib/python/site-packages/urllib3/__init__.py:35: NotOpenSSLWarning: urllib3 v2 only supports OpenSSL 1.1.1+, currently the 'ssl' module is compiled with 'LibreSSL 2.8.3'. See: https://github.com/urllib3/urllib3/issues/3020
  warnings.warn(
[2026-06-23T18:06:00+00:00] vault_client: pushed signal {'signals': 1} synced={'signals': 1, 'positions': 0, 'handoff': 0, 'trades': 0, 'cash': 0, 'decisions': 0, 'documents': 0, 'thesis': 0, 'valueSnapshots': 0}
[2026-06-23T18:06:01+00:00] vault_client: pushed handoff {'handoff': 1} synced={'signals': 0, 'positions': 0, 'handoff': 1, 'trades': 0, 'cash': 0, 'decisions': 0, 'documents': 0, 'thesis': 0, 'valueSnapshots': 0}
/Users/yasser/Library/Python/3.9/lib/python/site-packages/urllib3/__init__.py:35: NotOpenSSLWarning: urllib3 v2 only supports OpenSSL 1.1.1+, currently the 'ssl' module is compiled with 'LibreSSL 2.8.3'. See: https://github.com/urllib3/urllib3/issues/3020
  warnings.warn(
[2026-06-23T18:15:54+00:00] vault_client: pushed signal {'signals': 1} synced={'signals': 1, 'positions': 0, 'handoff': 0, 'trades': 0, 'cash': 0, 'decisions': 0, 'documents': 0, 'thesis': 0, 'valueSnapshots': 0}
[2026-06-23T18:15:54+00:00] vault_client: pushed handoff {'handoff': 1} synced={'signals': 0, 'positions': 0, 'handoff': 1, 'trades': 0, 'cash': 0, 'decisions': 0, 'documents': 0, 'thesis': 0, 'valueSnapshots': 0}
/Users/yasser/Library/Python/3.9/lib/python/site-packages/urllib3/__init__.py:35: NotOpenSSLWarning: urllib3 v2 only supports OpenSSL 1.1.1+, currently the 'ssl' module is compiled with 'LibreSSL 2.8.3'. See: https://github.com/urllib3/urllib3/issues/3020
  warnings.warn(
[2026-06-23T18:25:39+00:00] vault_client: pushed signal {'signals': 1} synced={'signals': 1, 'positions': 0, 'handoff': 0, 'trades': 0, 'cash': 0, 'decisions': 0, 'documents': 0, 'thesis': 0, 'valueSnapshots': 0}
[2026-06-23T18:25:39+00:00] vault_client: pushed handoff {'handoff': 1} synced={'signals': 0, 'positions': 0, 'handoff': 1, 'trades': 0, 'cash': 0, 'decisions': 0, 'documents': 0, 'thesis': 0, 'valueSnapshots': 0}
/Users/yasser/Library/Python/3.9/lib/python/site-packages/urllib3/__init__.py:35: NotOpenSSLWarning: urllib3 v2 only supports OpenSSL 1.1.1+, currently the 'ssl' module is compiled with 'LibreSSL 2.8.3'. See: https://github.com/urllib3/urllib3/issues/3020
  warnings.warn(
[2026-06-23T18:35:46+00:00] vault_client: pushed signal {'signals': 1} synced={'signals': 1, 'positions': 0, 'handoff': 0, 'trades': 0, 'cash': 0, 'decisions': 0, 'documents': 0, 'thesis': 0, 'valueSnapshots': 0}
[2026-06-23T18:35:47+00:00] vault_client: pushed handoff {'handoff': 1} synced={'signals': 0, 'positions': 0, 'handoff': 1, 'trades': 0, 'cash': 0, 'decisions': 0, 'documents': 0, 'thesis': 0, 'valueSnapshots': 0}
/Users/yasser/Library/Python/3.9/lib/python/site-packages/urllib3/__init__.py:35: NotOpenSSLWarning: urllib3 v2 only supports OpenSSL 1.1.1+, currently the 'ssl' module is compiled with 'LibreSSL 2.8.3'. See: https://github.com/urllib3/urllib3/issues/3020
  warnings.warn(
[2026-06-23T18:46:06+00:00] vault_client: pushed signal {'signals': 1} synced={'signals': 1, 'positions': 0, 'handoff': 0, 'trades': 0, 'cash': 0, 'decisions': 0, 'documents': 0, 'thesis': 0, 'valueSnapshots': 0}
[2026-06-23T18:46:06+00:00] vault_client: pushed handoff {'handoff': 1} synced={'signals': 0, 'positions': 0, 'handoff': 1, 'trades': 0, 'cash': 0, 'decisions': 0, 'documents': 0, 'thesis': 0, 'valueSnapshots': 0}
/Users/yasser/Library/Python/3.9/lib/python/site-packages/urllib3/__init__.py:35: NotOpenSSLWarning: urllib3 v2 only supports OpenSSL 1.1.1+, currently the 'ssl' module is compiled with 'LibreSSL 2.8.3'. See: https://github.com/urllib3/urllib3/issues/3020
  warnings.warn(
[2026-06-23T18:55:41+00:00] vault_client: pushed signal {'signals': 1} synced={'signals': 1, 'positions': 0, 'handoff': 0, 'trades': 0, 'cash': 0, 'decisions': 0, 'documents': 0, 'thesis': 0, 'valueSnapshots': 0}
[2026-06-23T18:55:41+00:00] vault_client: pushed handoff {'handoff': 1} synced={'signals': 0, 'positions': 0, 'handoff': 1, 'trades': 0, 'cash': 0, 'decisions': 0, 'documents': 0, 'thesis': 0, 'valueSnapshots': 0}
/Users/yasser/Library/Python/3.9/lib/python/site-packages/urllib3/__init__.py:35: NotOpenSSLWarning: urllib3 v2 only supports OpenSSL 1.1.1+, currently the 'ssl' module is compiled with 'LibreSSL 2.8.3'. See: https://github.com/urllib3/urllib3/issues/3020
  warnings.warn(
[2026-06-23T19:05:44+00:00] vault_client: pushed signal {'signals': 1} synced={'signals': 1, 'positions': 0, 'handoff': 0, 'trades': 0, 'cash': 0, 'decisions': 0, 'documents': 0, 'thesis': 0, 'valueSnapshots': 0}
[2026-06-23T19:05:44+00:00] vault_client: pushed handoff {'handoff': 1} synced={'signals': 0, 'positions': 0, 'handoff': 1, 'trades': 0, 'cash': 0, 'decisions': 0, 'documents': 0, 'thesis': 0, 'valueSnapshots': 0}
/Users/yasser/Library/Python/3.9/lib/python/site-packages/urllib3/__init__.py:35: NotOpenSSLWarning: urllib3 v2 only supports OpenSSL 1.1.1+, currently the 'ssl' module is compiled with 'LibreSSL 2.8.3'. See: https://github.com/urllib3/urllib3/issues/3020
  warnings.warn(
[2026-06-23T19:15:50+00:00] vault_client: pushed signal {'signals': 1} synced={'signals': 1, 'positions': 0, 'handoff': 0, 'trades': 0, 'cash': 0, 'decisions': 0, 'documents': 0, 'thesis': 0, 'valueSnapshots': 0}
[2026-06-23T19:15:50+00:00] vault_client: pushed handoff {'handoff': 1} synced={'signals': 0, 'positions': 0, 'handoff': 1, 'trades': 0, 'cash': 0, 'decisions': 0, 'documents': 0, 'thesis': 0, 'valueSnapshots': 0}
/Users/yasser/Library/Python/3.9/lib/python/site-packages/urllib3/__init__.py:35: NotOpenSSLWarning: urllib3 v2 only supports OpenSSL 1.1.1+, currently the 'ssl' module is compiled with 'LibreSSL 2.8.3'. See: https://github.com/urllib3/urllib3/issues/3020
  warnings.warn(
[2026-06-23T19:25:55+00:00] vault_client: pushed signal {'signals': 1} synced={'signals': 1, 'positions': 0, 'handoff': 0, 'trades': 0, 'cash': 0, 'decisions': 0, 'documents': 0, 'thesis': 0, 'valueSnapshots': 0}
[2026-06-23T19:25:55+00:00] vault_client: pushed handoff {'handoff': 1} synced={'signals': 0, 'positions': 0, 'handoff': 1, 'trades': 0, 'cash': 0, 'decisions': 0, 'documents': 0, 'thesis': 0, 'valueSnapshots': 0}
/Users/yasser/Library/Python/3.9/lib/python/site-packages/urllib3/__init__.py:35: NotOpenSSLWarning: urllib3 v2 only supports OpenSSL 1.1.1+, currently the 'ssl' module is compiled with 'LibreSSL 2.8.3'. See: https://github.com/urllib3/urllib3/issues/3020
  warnings.warn(
/Users/yasser/Library/Python/3.9/lib/python/site-packages/urllib3/__init__.py:35: NotOpenSSLWarning: urllib3 v2 only supports OpenSSL 1.1.1+, currently the 'ssl' module is compiled with 'LibreSSL 2.8.3'. See: https://github.com/urllib3/urllib3/issues/3020
  warnings.warn(
[2026-06-23T19:45:22+00:00] vault_client: pushed signal {'signals': 1} synced={'signals': 1, 'positions': 0, 'handoff': 0, 'trades': 0, 'cash': 0, 'decisions': 0, 'documents': 0, 'thesis': 0, 'valueSnapshots': 0}
[2026-06-23T19:45:22+00:00] vault_client: pushed handoff {'handoff': 1} synced={'signals': 0, 'positions': 0, 'handoff': 1, 'trades': 0, 'cash': 0, 'decisions': 0, 'documents': 0, 'thesis': 0, 'valueSnapshots': 0}
/Users/yasser/Library/Python/3.9/lib/python/site-packages/urllib3/__init__.py:35: NotOpenSSLWarning: urllib3 v2 only supports OpenSSL 1.1.1+, currently the 'ssl' module is compiled with 'LibreSSL 2.8.3'. See: https://github.com/urllib3/urllib3/issues/3020
  warnings.warn(
[2026-06-23T19:55:39+00:00] vault_client: pushed signal {'signals': 1} synced={'signals': 1, 'positions': 0, 'handoff': 0, 'trades': 0, 'cash': 0, 'decisions': 0, 'documents': 0, 'thesis': 0, 'valueSnapshots': 0}
[2026-06-23T19:55:39+00:00] vault_client: pushed handoff {'handoff': 1} synced={'signals': 0, 'positions': 0, 'handoff': 1, 'trades': 0, 'cash': 0, 'decisions': 0, 'documents': 0, 'thesis': 0, 'valueSnapshots': 0}
/Users/yasser/Library/Python/3.9/lib/python/site-packages/urllib3/__init__.py:35: NotOpenSSLWarning: urllib3 v2 only supports OpenSSL 1.1.1+, currently the 'ssl' module is compiled with 'LibreSSL 2.8.3'. See: https://github.com/urllib3/urllib3/issues/3020
  warnings.warn(
/Users/yasser/Library/Python/3.9/lib/python/site-packages/urllib3/__init__.py:35: NotOpenSSLWarning: urllib3 v2 only supports OpenSSL 1.1.1+, currently the 'ssl' module is compiled with 'LibreSSL 2.8.3'. See: https://github.com/urllib3/urllib3/issues/3020
  warnings.warn(
/Users/yasser/Library/Python/3.9/lib/python/site-packages/urllib3/__init__.py:35: NotOpenSSLWarning: urllib3 v2 only supports OpenSSL 1.1.1+, currently the 'ssl' module is compiled with 'LibreSSL 2.8.3'. See: https://github.com/urllib3/urllib3/issues/3020
  warnings.warn(
/Users/yasser/Library/Python/3.9/lib/python/site-packages/urllib3/__init__.py:35: NotOpenSSLWarning: urllib3 v2 only supports OpenSSL 1.1.1+, currently the 'ssl' module is compiled with 'LibreSSL 2.8.3'. See: https://github.com/urllib3/urllib3/issues/3020
  warnings.warn(
