[2026-06-22 17:30:04] ============================================================
[2026-06-22 17:30:04] Atlas daily driver starting (mode=DRY-RUN)
====================================================================
  ATLAS v2 DAILY MANAGER   2026-06-22 17:30
  Mode: DRY-RUN — no writes
====================================================================

====================================================================
  ACCOUNT
====================================================================
  Cash available : $37,000.00
  Open invested  : $0.00
  Realized P&L   : $0.00
  Equity (MTM)   : $37,000.00

====================================================================
  EXITS  (evaluated before any new buys)
====================================================================
  No open positions.

====================================================================
  REGIME GATE
====================================================================
  RISK-ON  : SPY 747.63 > 50SMA 731.01

====================================================================
  SCAN & ENTRIES  (20 candidates)
====================================================================
  skip  GPCR   🔴 AVOID  (0/4 Pillars)
  skip  INTC   ⚪ WATCH  (2/4 Pillars)
  ----  BRBR   Could not fetch price data for BRBR
  skip  ZLDPF    (0)
  skip  TSM    ⚪ WATCH  (2/4 Pillars)
  skip  SNDK   ⚪ WATCH  (2/4 Pillars)
  skip  SNY    🔴 AVOID  (0/4 Pillars)
  skip  NVDA   🔴 AVOID  (1/4 Pillars)
  skip  MU     ⚪ WATCH  (2/4 Pillars)
  skip  POWW     (0)
  skip  PFE    🔴 AVOID  (0/4 Pillars)
  skip  PTGX   ⚪ WATCH  (2/4 Pillars)
  skip  MSFT   🔴 AVOID  (0/4 Pillars)
  skip  AMGN   🔴 AVOID  (0/4 Pillars)
  skip  YYGH     (0)
  skip  AAPL   🔴 AVOID  (1/4 Pillars)
  skip  BA     🔴 AVOID  (0/4 Pillars)
  skip  SPCX   ⚪ WATCH  (2/4 Pillars)
  skip  ICLR   🔴 AVOID  (0/4 Pillars)
  skip  NVO    🔴 AVOID  (0/4 Pillars)
  [handoff] saved 0 BUY / 8 WATCH for 2026-06-22

====================================================================
  SUMMARY
====================================================================
  Sells planned  : 0
  Buys planned   : 0
  Cash now       : $37,000.00
  Equity now     : $37,000.00
--------------------------------------------------------------------
  This was a DRY-RUN. Re-run with --live to execute.
====================================================================

[2026-06-22 17:32:29] Daily loop completed successfully.
[2026-06-22 17:32:29] Atlas daily driver done.
